2023-10-25 00:03:41,710 INFO  [org.jboss.as.server] (Thread-2) WFLYSRV0272: Suspending server
2023-10-25 00:03:41,766 INFO  [org.jboss.as.ejb3] (Thread-2) WFLYEJB0493: EJB subsystem suspension complete
2023-10-25 00:03:41,800 INFO  [org.jboss.as.server] (Thread-2) WFLYSRV0220: Server shutdown has been requested via an OS signal
2023-10-25 00:03:41,867 INFO  [org.wildfly.extension.undertow] (ServerService Thread Pool -- 60) WFLYUT0022: Unregistered web context: '/auth' from server 'default-server'
2023-10-25 00:03:41,871 INFO  [org.jboss.as.connector.subsystems.datasources] (MSC service thread 1-1) WFLYJCA0010: Unbound data source [java:jboss/datasources/KeycloakDS]
2023-10-25 00:03:41,874 INFO  [org.jboss.as.mail.extension] (MSC service thread 1-4) WFLYMAIL0002: Unbound mail session [java:jboss/mail/Default]
2023-10-25 00:03:41,883 INFO  [org.wildfly.extension.undertow] (MSC service thread 1-5) WFLYUT0008: Undertow HTTPS listener https suspending
2023-10-25 00:03:41,888 INFO  [org.wildfly.extension.undertow] (MSC service thread 1-5) WFLYUT0007: Undertow HTTPS listener https stopped, was bound to 127.0.0.1:8443
2023-10-25 00:03:41,924 INFO  [org.jboss.as.connector.subsystems.datasources] (MSC service thread 1-6) WFLYJCA0010: Unbound data source [java:jboss/datasources/ExampleDS]
2023-10-25 00:03:41,926 INFO  [org.jboss.as.connector.deployers.jdbc] (MSC service thread 1-1) WFLYJCA0019: Stopped Driver service with driver-name = h2
2023-10-25 00:03:41,930 INFO  [org.wildfly.extension.undertow] (MSC service thread 1-8) WFLYUT0019: Host default-host stopping
2023-10-25 00:03:41,968 INFO  [org.jboss.as.clustering.infinispan] (ServerService Thread Pool -- 60) WFLYCLINF0003: Stopped sessions cache from keycloak container
2023-10-25 00:03:41,968 INFO  [org.jboss.as.clustering.infinispan] (ServerService Thread Pool -- 79) WFLYCLINF0003: Stopped authenticationSessions cache from keycloak container
2023-10-25 00:03:41,968 INFO  [org.jboss.as.clustering.infinispan] (ServerService Thread Pool -- 82) WFLYCLINF0003: Stopped loginFailures cache from keycloak container
2023-10-25 00:03:41,968 INFO  [org.jboss.as.clustering.infinispan] (ServerService Thread Pool -- 73) WFLYCLINF0003: Stopped actionTokens cache from keycloak container
2023-10-25 00:03:41,968 INFO  [org.jboss.as.clustering.infinispan] (ServerService Thread Pool -- 76) WFLYCLINF0003: Stopped offlineClientSessions cache from keycloak container
2023-10-25 00:03:41,969 INFO  [org.jboss.as.clustering.infinispan] (ServerService Thread Pool -- 71) WFLYCLINF0003: Stopped clientSessions cache from keycloak container
2023-10-25 00:03:41,968 INFO  [org.jboss.as.clustering.infinispan] (ServerService Thread Pool -- 81) WFLYCLINF0003: Stopped work cache from keycloak container
2023-10-25 00:03:41,968 INFO  [org.jboss.as.clustering.infinispan] (ServerService Thread Pool -- 80) WFLYCLINF0003: Stopped offlineSessions cache from keycloak container
2023-10-25 00:03:41,968 INFO  [org.jboss.as.clustering.infinispan] (ServerService Thread Pool -- 74) WFLYCLINF0003: Stopped keys cache from keycloak container
2023-10-25 00:03:41,977 INFO  [org.wildfly.extension.undertow] (MSC service thread 1-4) WFLYUT0008: Undertow HTTP listener default suspending
2023-10-25 00:03:41,985 INFO  [org.jboss.as.clustering.infinispan] (ServerService Thread Pool -- 78) WFLYCLINF0003: Stopped users cache from keycloak container
2023-10-25 00:03:41,985 INFO  [org.jboss.as.clustering.infinispan] (ServerService Thread Pool -- 77) WFLYCLINF0003: Stopped authorization cache from keycloak container
2023-10-25 00:03:41,986 INFO  [org.wildfly.extension.undertow] (MSC service thread 1-4) WFLYUT0007: Undertow HTTP listener default stopped, was bound to 127.0.0.1:8180
2023-10-25 00:03:41,987 INFO  [org.jboss.as.clustering.infinispan] (ServerService Thread Pool -- 74) WFLYCLINF0003: Stopped http-remoting-connector cache from ejb container
2023-10-25 00:03:41,989 INFO  [org.jboss.as.clustering.infinispan] (ServerService Thread Pool -- 75) WFLYCLINF0003: Stopped realms cache from keycloak container
2023-10-25 00:03:41,990 INFO  [org.wildfly.extension.undertow] (MSC service thread 1-7) WFLYUT0004: Undertow 2.2.2.Final stopping
2023-10-25 00:03:42,000 INFO  [org.infinispan.manager.DefaultCacheManager] (ServerService Thread Pool -- 75) Stopping cache manager null on null
2023-10-25 00:03:42,004 INFO  [org.infinispan.manager.DefaultCacheManager] (ServerService Thread Pool -- 74) Stopping cache manager null on null
2023-10-25 00:03:42,007 INFO  [org.jboss.as.server.deployment] (MSC service thread 1-5) WFLYSRV0028: Stopped deployment keycloak-server.war (runtime-name: keycloak-server.war) in 174ms
2023-10-25 00:03:42,030 INFO  [org.jboss.as] (MSC service thread 1-1) WFLYSRV0050: Keycloak 12.0.0 (WildFly Core 13.0.3.Final) stopped in 196ms
2023-10-25 00:05:38,740 INFO  [org.jboss.modules] (main) JBoss Modules version 1.10.2.Final
2023-10-25 00:05:39,056 INFO  [org.jboss.msc] (main) JBoss MSC version 1.4.12.Final
2023-10-25 00:05:39,064 INFO  [org.jboss.threads] (main) JBoss Threads version 2.4.0.Final
2023-10-25 00:05:39,159 INFO  [org.jboss.as] (MSC service thread 1-2) WFLYSRV0049: Keycloak 12.0.0 (WildFly Core 13.0.3.Final) starting
2023-10-25 00:05:39,160 DEBUG [org.jboss.as.config] (MSC service thread 1-2) Configured system properties:
	awt.toolkit = sun.awt.windows.WToolkit
	file.encoding = Cp1252
	file.encoding.pkg = sun.io
	file.separator = \
	java.awt.graphicsenv = sun.awt.Win32GraphicsEnvironment
	java.awt.printerjob = sun.awt.windows.WPrinterJob
	java.class.path = C:\Users\Kouki\Desktop\Esprit\5eme\Applications Web Distribuees\Project\keycloak-12.0.0\jboss-modules.jar
	java.class.version = 52.0
	java.endorsed.dirs = C:\Program Files\Java\jdk1.8.0_60\jre\lib\endorsed
	java.ext.dirs = C:\Program Files\Java\jdk1.8.0_60\jre\lib\ext;C:\Windows\Sun\Java\lib\ext
	java.home = C:\Program Files\Java\jdk1.8.0_60\jre
	java.io.tmpdir = C:\Users\Kouki\AppData\Local\Temp\
	java.library.path = C:\Program Files\Java\jdk1.8.0_60\bin;C:\Windows\Sun\Java\bin;C:\Windows\system32;C:\Windows;C:\ProgramData\Oracle\Java\javapath;C:\oraclexe\app\oracle\product\11.2.0\server\bin;;C:\Program Files\Common Files\Oracle\Java\javapath;C:\oraclexe\app\oracle\product\11.2.0\server\bin;C:\xampp\mysql\bin;C:\Windows;C:\Windows\System32\Wbem;C:\Windows\System32\WindowsPowerShell\v1.0\;C:\Windows\System32\OpenSSH\;C:\Program Files\Git\cmd;C:\Program Files\Symfony;C:\composer;C:\Program Files (x86)\CodeBlocks\MinGW\bin;C:\Program Files (x86)\GnuWin32\bin;C:\Products\Java\jdk1.8.0_60\bin;C:\Program Files\Microsoft SQL Server\150\Tools\Binn\;C:\Program Files\Microsoft SQL Server\Client SDK\ODBC\170\Tools\Binn\;C:\Program Files\dotnet\;C:\Users\Kouki\Desktop\tomcat\apache-tomcat-8.5.81\bin;C:\Program Files\Meld\;C:\Program Files (x86)\Microsoft SQL Server\110\DTS\Binn\;C:\Program Files (x86)\Microsoft SQL Server\110\Tools\Binn\;C:\Program Files (x86)\Microsoft SQL Server\110\Tools\Binn\ManagementStudio\;C:\Program Files (x86)\Microsoft Visual Studio 10.0\Common7\IDE\PrivateAssemblies\;C:\Program Files\nodejs\;C:\HashiCorp\Vagrant\bin;C:\Program Files\Docker\Docker\resources\bin;C:\Users\Kouki\AppData\Local\Microsoft\WindowsApps;C:\Users\Kouki\AppData\Local\Programs\Microsoft VS Code\bin;C:\xampp\php;C:\Users\Kouki\composer;C:\Users\Kouki\AppData\Roaming\Composer\vendor\bin;C:\Program Files\OpenSSL-Win64\bin;C:\Users\Kouki\AppData\Local\GitHubDesktop\bin;C:\Program Files\MongoDB\Server\4.0\bin;C:\Program Files\JetBrains\IntelliJ IDEA 2022.2.2\bin;;C:\Users\Kouki\.dotnet\tools;C:\Windows\system32\cmd.exe;C:\Users\Kouki\AppData\Roaming\npm;C:\Windows\System32;C:\src\flutter\bin;;.
	java.net.preferIPv4Stack = true
	java.runtime.name = Java(TM) SE Runtime Environment
	java.runtime.version = 1.8.0_60-b27
	java.specification.name = Java Platform API Specification
	java.specification.vendor = Oracle Corporation
	java.specification.version = 1.8
	java.util.logging.manager = org.jboss.logmanager.LogManager
	java.vendor = Oracle Corporation
	java.vendor.url = http://java.oracle.com/
	java.vendor.url.bug = http://bugreport.sun.com/bugreport/
	java.version = 1.8.0_60
	java.vm.info = mixed mode
	java.vm.name = Java HotSpot(TM) 64-Bit Server VM
	java.vm.specification.name = Java Virtual Machine Specification
	java.vm.specification.vendor = Oracle Corporation
	java.vm.specification.version = 1.8
	java.vm.vendor = Oracle Corporation
	java.vm.version = 25.60-b23
	javax.management.builder.initial = org.jboss.as.jmx.PluggableMBeanServerBuilder
	jboss.home.dir = C:\Users\Kouki\Desktop\Esprit\5eme\Applications Web Distribuees\Project\keycloak-12.0.0
	jboss.host.name = 0000000kh
	jboss.http.port = 8180
	jboss.modules.dir = C:\Users\Kouki\Desktop\Esprit\5eme\Applications Web Distribuees\Project\keycloak-12.0.0\modules
	jboss.modules.system.pkgs = org.jboss.byteman
	jboss.node.name = 0000000kh
	jboss.qualified.host.name = 0000000kh
	jboss.server.base.dir = C:\Users\Kouki\Desktop\Esprit\5eme\Applications Web Distribuees\Project\keycloak-12.0.0\standalone
	jboss.server.config.dir = C:\Users\Kouki\Desktop\Esprit\5eme\Applications Web Distribuees\Project\keycloak-12.0.0\standalone\configuration
	jboss.server.data.dir = C:\Users\Kouki\Desktop\Esprit\5eme\Applications Web Distribuees\Project\keycloak-12.0.0\standalone\data
	jboss.server.deploy.dir = C:\Users\Kouki\Desktop\Esprit\5eme\Applications Web Distribuees\Project\keycloak-12.0.0\standalone\data\content
	jboss.server.log.dir = C:\Users\Kouki\Desktop\Esprit\5eme\Applications Web Distribuees\Project\keycloak-12.0.0\standalone\log
	jboss.server.name = 0000000kh
	jboss.server.persist.config = true
	jboss.server.temp.dir = C:\Users\Kouki\Desktop\Esprit\5eme\Applications Web Distribuees\Project\keycloak-12.0.0\standalone\tmp
	line.separator = 

	logging.configuration = file:C:\Users\Kouki\Desktop\Esprit\5eme\Applications Web Distribuees\Project\keycloak-12.0.0\standalone\configuration/logging.properties
	module.path = C:\Users\Kouki\Desktop\Esprit\5eme\Applications Web Distribuees\Project\keycloak-12.0.0\modules
	org.jboss.boot.log.file = C:\Users\Kouki\Desktop\Esprit\5eme\Applications Web Distribuees\Project\keycloak-12.0.0\standalone\log\server.log
	org.jboss.resolver.warning = true
	os.arch = amd64
	os.name = Windows 10
	os.version = 10.0
	path.separator = ;
	program.name = standalone.bat
	sun.arch.data.model = 64
	sun.boot.class.path = C:\Program Files\Java\jdk1.8.0_60\jre\lib\resources.jar;C:\Program Files\Java\jdk1.8.0_60\jre\lib\rt.jar;C:\Program Files\Java\jdk1.8.0_60\jre\lib\sunrsasign.jar;C:\Program Files\Java\jdk1.8.0_60\jre\lib\jsse.jar;C:\Program Files\Java\jdk1.8.0_60\jre\lib\jce.jar;C:\Program Files\Java\jdk1.8.0_60\jre\lib\charsets.jar;C:\Program Files\Java\jdk1.8.0_60\jre\lib\jfr.jar;C:\Program Files\Java\jdk1.8.0_60\jre\classes
	sun.boot.library.path = C:\Program Files\Java\jdk1.8.0_60\jre\bin
	sun.cpu.endian = little
	sun.cpu.isalist = amd64
	sun.desktop = windows
	sun.io.unicode.encoding = UnicodeLittle
	sun.java.command = C:\Users\Kouki\Desktop\Esprit\5eme\Applications Web Distribuees\Project\keycloak-12.0.0\jboss-modules.jar -mp C:\Users\Kouki\Desktop\Esprit\5eme\Applications Web Distribuees\Project\keycloak-12.0.0\modules org.jboss.as.standalone -Djboss.home.dir=C:\Users\Kouki\Desktop\Esprit\5eme\Applications Web Distribuees\Project\keycloak-12.0.0 -Djboss.http.port=8180
	sun.java.launcher = SUN_STANDARD
	sun.jnu.encoding = Cp1252
	sun.management.compiler = HotSpot 64-Bit Tiered Compilers
	sun.os.patch.level = 
	sun.stderr.encoding = cp850
	sun.stdout.encoding = cp850
	user.country = FR
	user.dir = C:\Users\Kouki\Desktop\Esprit\5eme\Applications Web Distribuees\Project\keycloak-12.0.0\bin
	user.home = C:\Users\Kouki
	user.language = fr
	user.name = Kouki
	user.script = 
	user.timezone = Europe/Paris
	user.variant = 
2023-10-25 00:05:39,161 DEBUG [org.jboss.as.config] (MSC service thread 1-2) VM Arguments: -Dprogram.name=standalone.bat -Xms64M -Xmx512M -XX:MetaspaceSize=96M -XX:MaxMetaspaceSize=256m -Djava.net.preferIPv4Stack=true -Djboss.modules.system.pkgs=org.jboss.byteman -Dorg.jboss.boot.log.file=C:\Users\Kouki\Desktop\Esprit\5eme\Applications Web Distribuees\Project\keycloak-12.0.0\standalone\log\server.log -Dlogging.configuration=file:C:\Users\Kouki\Desktop\Esprit\5eme\Applications Web Distribuees\Project\keycloak-12.0.0\standalone\configuration/logging.properties 
2023-10-25 00:05:39,660 INFO  [org.wildfly.security] (ServerService Thread Pool -- 20) ELY00001: WildFly Elytron version 1.13.1.Final
2023-10-25 00:05:40,073 INFO  [org.jboss.as.controller.management-deprecated] (Controller Boot Thread) WFLYCTL0028: Attribute 'security-realm' in the resource at address '/core-service=management/management-interface=http-interface' is deprecated, and may be removed in a future version. See the attribute description in the output of the read-resource-description operation to learn more about the deprecation.
2023-10-25 00:05:40,089 INFO  [org.jboss.as.controller.management-deprecated] (ServerService Thread Pool -- 11) WFLYCTL0028: Attribute 'security-realm' in the resource at address '/subsystem=undertow/server=default-server/https-listener=https' is deprecated, and may be removed in a future version. See the attribute description in the output of the read-resource-description operation to learn more about the deprecation.
2023-10-25 00:05:40,168 INFO  [org.jboss.as.server] (Controller Boot Thread) WFLYSRV0039: Creating http management service using socket-binding (management-http)
2023-10-25 00:05:40,183 INFO  [org.xnio] (MSC service thread 1-3) XNIO version 3.8.2.Final
2023-10-25 00:05:40,190 INFO  [org.xnio.nio] (MSC service thread 1-3) XNIO NIO Implementation Version 3.8.2.Final
2023-10-25 00:05:40,211 WARN  [org.jboss.as.txn] (ServerService Thread Pool -- 49) WFLYTX0013: The node-identifier attribute on the /subsystem=transactions is set to the default value. This is a danger for environments running multiple servers. Please make sure the attribute value is unique.
2023-10-25 00:05:40,216 INFO  [org.jboss.as.naming] (ServerService Thread Pool -- 43) WFLYNAM0001: Activating Naming Subsystem
2023-10-25 00:05:40,219 INFO  [org.jboss.as.clustering.infinispan] (ServerService Thread Pool -- 37) WFLYCLINF0001: Activating Infinispan subsystem.
2023-10-25 00:05:40,222 INFO  [org.jboss.as.security] (ServerService Thread Pool -- 48) WFLYSEC0002: Activating Security Subsystem
2023-10-25 00:05:40,224 INFO  [org.wildfly.extension.microprofile.config.smallrye._private] (ServerService Thread Pool -- 51) WFLYCONF0001: Activating WildFly MicroProfile Config Subsystem
2023-10-25 00:05:40,226 INFO  [org.jboss.as.jaxrs] (ServerService Thread Pool -- 38) WFLYRS0016: RESTEasy version 3.13.2.Final
2023-10-25 00:05:40,233 INFO  [org.jboss.as.security] (MSC service thread 1-6) WFLYSEC0001: Current PicketBox version=5.0.3.Final-redhat-00006
2023-10-25 00:05:40,234 INFO  [org.wildfly.extension.microprofile.metrics.smallrye] (ServerService Thread Pool -- 53) WFLYMETRICS0001: Activating Eclipse MicroProfile Metrics Subsystem
2023-10-25 00:05:40,234 INFO  [org.jboss.as.connector] (MSC service thread 1-2) WFLYJCA0009: Starting JCA Subsystem (WildFly/IronJacamar 1.4.23.Final)
2023-10-25 00:05:40,237 INFO  [org.wildfly.extension.microprofile.health.smallrye] (ServerService Thread Pool -- 52) WFLYHEALTH0001: Activating Eclipse MicroProfile Health Subsystem
2023-10-25 00:05:40,273 INFO  [org.wildfly.extension.io] (ServerService Thread Pool -- 36) WFLYIO001: Worker 'default' has auto-configured to 24 IO threads with 192 max task threads based on your 12 available processors
2023-10-25 00:05:40,280 INFO  [org.jboss.as.connector.subsystems.datasources] (ServerService Thread Pool -- 32) WFLYJCA0004: Deploying JDBC-compliant driver class org.h2.Driver (version 1.4)
2023-10-25 00:05:40,299 INFO  [org.wildfly.extension.undertow] (MSC service thread 1-4) WFLYUT0003: Undertow 2.2.2.Final starting
2023-10-25 00:05:40,301 WARN  [org.wildfly.clustering.web.undertow] (ServerService Thread Pool -- 54) WFLYCLWEBUT0007: No routing provider found for default-server; using legacy provider based on static configuration
2023-10-25 00:05:40,311 INFO  [org.jboss.as.connector.deployers.jdbc] (MSC service thread 1-8) WFLYJCA0018: Started Driver service with driver-name = h2
2023-10-25 00:05:40,334 INFO  [org.jboss.as.naming] (MSC service thread 1-8) WFLYNAM0003: Starting Naming Service
2023-10-25 00:05:40,375 INFO  [org.jboss.as.mail.extension] (MSC service thread 1-5) WFLYMAIL0001: Bound mail session [java:jboss/mail/Default]
2023-10-25 00:05:40,379 INFO  [org.wildfly.extension.undertow] (ServerService Thread Pool -- 54) WFLYUT0014: Creating file handler for path 'C:\Users\Kouki\Desktop\Esprit\5eme\Applications Web Distribuees\Project\keycloak-12.0.0/welcome-content' with options [directory-listing: 'false', follow-symlink: 'false', case-sensitive: 'true', safe-symlink-paths: '[]']
2023-10-25 00:05:40,391 INFO  [org.jboss.remoting] (MSC service thread 1-8) JBoss Remoting version 5.0.19.Final
2023-10-25 00:05:40,415 INFO  [org.jboss.as.ejb3] (MSC service thread 1-2) WFLYEJB0482: Strict pool mdb-strict-max-pool is using a max instance size of 48 (per class), which is derived from the number of CPUs on this host.
2023-10-25 00:05:40,416 INFO  [org.jboss.as.ejb3] (MSC service thread 1-5) WFLYEJB0481: Strict pool slsb-strict-max-pool is using a max instance size of 192 (per class), which is derived from thread worker pool sizing.
2023-10-25 00:05:40,431 INFO  [org.wildfly.extension.undertow] (MSC service thread 1-3) WFLYUT0012: Started server default-server.
2023-10-25 00:05:40,436 INFO  [org.wildfly.extension.undertow] (MSC service thread 1-3) WFLYUT0018: Host default-host starting
2023-10-25 00:05:41,130 INFO  [org.wildfly.extension.undertow] (MSC service thread 1-6) WFLYUT0006: Undertow HTTP listener default listening on 127.0.0.1:8180
2023-10-25 00:05:41,227 INFO  [org.jboss.as.patching] (MSC service thread 1-8) WFLYPAT0050: Keycloak cumulative patch ID is: base, one-off patches include: none
2023-10-25 00:05:41,234 WARN  [org.jboss.as.domain.management.security] (MSC service thread 1-1) WFLYDM0111: Keystore C:\Users\Kouki\Desktop\Esprit\5eme\Applications Web Distribuees\Project\keycloak-12.0.0\standalone\configuration\application.keystore not found, it will be auto generated on first use with a self signed certificate for host localhost
2023-10-25 00:05:41,239 INFO  [org.jboss.as.server.deployment.scanner] (MSC service thread 1-6) WFLYDS0013: Started FileSystemDeploymentService for directory C:\Users\Kouki\Desktop\Esprit\5eme\Applications Web Distribuees\Project\keycloak-12.0.0\standalone\deployments
2023-10-25 00:05:41,245 INFO  [org.jboss.as.server.deployment] (MSC service thread 1-5) WFLYSRV0027: Starting deployment of "keycloak-server.war" (runtime-name: "keycloak-server.war")
2023-10-25 00:05:41,260 INFO  [org.wildfly.extension.undertow] (MSC service thread 1-1) WFLYUT0006: Undertow HTTPS listener https listening on 127.0.0.1:8443
2023-10-25 00:05:41,268 INFO  [org.jboss.as.ejb3] (MSC service thread 1-1) WFLYEJB0493: EJB subsystem suspension complete
2023-10-25 00:05:41,319 INFO  [org.jboss.as.connector.subsystems.datasources] (MSC service thread 1-6) WFLYJCA0001: Bound data source [java:jboss/datasources/ExampleDS]
2023-10-25 00:05:41,319 INFO  [org.jboss.as.connector.subsystems.datasources] (MSC service thread 1-7) WFLYJCA0001: Bound data source [java:jboss/datasources/KeycloakDS]
2023-10-25 00:05:41,881 INFO  [org.infinispan.CONTAINER] (ServerService Thread Pool -- 56) ISPN000128: Infinispan version: Infinispan 'Corona Extra' 11.0.4.Final
2023-10-25 00:05:41,917 INFO  [org.infinispan.CONFIG] (MSC service thread 1-7) ISPN000152: Passivation configured without an eviction policy being selected. Only manually evicted entities will be passivated.
2023-10-25 00:05:41,918 INFO  [org.infinispan.CONFIG] (MSC service thread 1-7) ISPN000152: Passivation configured without an eviction policy being selected. Only manually evicted entities will be passivated.
2023-10-25 00:05:41,977 INFO  [org.infinispan.PERSISTENCE] (ServerService Thread Pool -- 56) ISPN000556: Starting user marshaller 'org.wildfly.clustering.infinispan.spi.marshalling.InfinispanProtoStreamMarshaller'
2023-10-25 00:05:41,977 INFO  [org.infinispan.PERSISTENCE] (ServerService Thread Pool -- 57) ISPN000556: Starting user marshaller 'org.wildfly.clustering.infinispan.marshalling.jboss.JBossMarshaller'
2023-10-25 00:05:42,143 INFO  [org.jboss.as.clustering.infinispan] (ServerService Thread Pool -- 56) WFLYCLINF0002: Started http-remoting-connector cache from ejb container
2023-10-25 00:05:42,157 INFO  [org.jboss.as.clustering.infinispan] (ServerService Thread Pool -- 66) WFLYCLINF0002: Started sessions cache from keycloak container
2023-10-25 00:05:42,158 INFO  [org.jboss.as.clustering.infinispan] (ServerService Thread Pool -- 57) WFLYCLINF0002: Started offlineSessions cache from keycloak container
2023-10-25 00:05:42,157 INFO  [org.jboss.as.clustering.infinispan] (ServerService Thread Pool -- 64) WFLYCLINF0002: Started work cache from keycloak container
2023-10-25 00:05:42,158 INFO  [org.jboss.as.clustering.infinispan] (ServerService Thread Pool -- 63) WFLYCLINF0002: Started loginFailures cache from keycloak container
2023-10-25 00:05:42,157 INFO  [org.jboss.as.clustering.infinispan] (ServerService Thread Pool -- 60) WFLYCLINF0002: Started clientSessions cache from keycloak container
2023-10-25 00:05:42,158 INFO  [org.jboss.as.clustering.infinispan] (ServerService Thread Pool -- 59) WFLYCLINF0002: Started actionTokens cache from keycloak container
2023-10-25 00:05:42,158 INFO  [org.jboss.as.clustering.infinispan] (ServerService Thread Pool -- 58) WFLYCLINF0002: Started offlineClientSessions cache from keycloak container
2023-10-25 00:05:42,158 INFO  [org.jboss.as.clustering.infinispan] (ServerService Thread Pool -- 65) WFLYCLINF0002: Started authenticationSessions cache from keycloak container
2023-10-25 00:05:42,184 INFO  [org.jboss.as.clustering.infinispan] (ServerService Thread Pool -- 56) WFLYCLINF0002: Started authorization cache from keycloak container
2023-10-25 00:05:42,184 INFO  [org.jboss.as.clustering.infinispan] (ServerService Thread Pool -- 61) WFLYCLINF0002: Started keys cache from keycloak container
2023-10-25 00:05:42,184 INFO  [org.jboss.as.clustering.infinispan] (ServerService Thread Pool -- 62) WFLYCLINF0002: Started users cache from keycloak container
2023-10-25 00:05:42,184 INFO  [org.jboss.as.clustering.infinispan] (ServerService Thread Pool -- 67) WFLYCLINF0002: Started realms cache from keycloak container
2023-10-25 00:05:42,283 WARN  [org.jboss.as.server.deployment] (MSC service thread 1-6) WFLYSRV0273: Excluded subsystem webservices via jboss-deployment-structure.xml does not exist.
2023-10-25 00:05:42,719 INFO  [org.keycloak.services] (ServerService Thread Pool -- 68) KC-SERVICES0001: Loading config from standalone.xml or domain.xml
2023-10-25 00:05:43,307 INFO  [org.keycloak.url.DefaultHostnameProviderFactory] (ServerService Thread Pool -- 68) Frontend: <request>, Admin: <frontend>, Backend: <request>
2023-10-25 00:05:43,332 WARN  [org.infinispan.encoding.impl.StorageConfigurationManager] (ServerService Thread Pool -- 68) ISPN000599: Configuration for cache 'realmRevisions' does not define the encoding for keys or values. If you use operations that require data conversion or queries, you should configure the cache with a specific MediaType for keys or values.
2023-10-25 00:05:43,335 INFO  [org.jboss.as.clustering.infinispan] (ServerService Thread Pool -- 68) WFLYCLINF0002: Started realmRevisions cache from keycloak container
2023-10-25 00:05:43,336 WARN  [org.infinispan.encoding.impl.StorageConfigurationManager] (ServerService Thread Pool -- 68) ISPN000599: Configuration for cache 'userRevisions' does not define the encoding for keys or values. If you use operations that require data conversion or queries, you should configure the cache with a specific MediaType for keys or values.
2023-10-25 00:05:43,338 INFO  [org.jboss.as.clustering.infinispan] (ServerService Thread Pool -- 68) WFLYCLINF0002: Started userRevisions cache from keycloak container
2023-10-25 00:05:43,339 WARN  [org.infinispan.encoding.impl.StorageConfigurationManager] (ServerService Thread Pool -- 68) ISPN000599: Configuration for cache 'authorizationRevisions' does not define the encoding for keys or values. If you use operations that require data conversion or queries, you should configure the cache with a specific MediaType for keys or values.
2023-10-25 00:05:43,341 INFO  [org.jboss.as.clustering.infinispan] (ServerService Thread Pool -- 68) WFLYCLINF0002: Started authorizationRevisions cache from keycloak container
2023-10-25 00:05:43,342 INFO  [org.keycloak.connections.infinispan.DefaultInfinispanConnectionProviderFactory] (ServerService Thread Pool -- 68) Node name: 0000000kh, Site name: null
2023-10-25 00:05:52,918 INFO  [org.keycloak.connections.jpa.DefaultJpaConnectionProviderFactory] (ServerService Thread Pool -- 68) Database info: {databaseUrl=jdbc:h2:C:\Users\Kouki\Desktop\Esprit\5eme\Applications Web Distribuees\Project\keycloak-12.0.0\standalone\data/keycloak, databaseUser=SA, databaseProduct=H2 1.4.197 (2018-03-18), databaseDriver=H2 JDBC Driver 1.4.197 (2018-03-18)}
2023-10-25 00:05:53,981 INFO  [org.hibernate.jpa.internal.util.LogHelper] (ServerService Thread Pool -- 68) HHH000204: Processing PersistenceUnitInfo [
	name: keycloak-default
	...]
2023-10-25 00:05:54,051 INFO  [org.hibernate.Version] (ServerService Thread Pool -- 68) HHH000412: Hibernate Core {5.3.20.Final}
2023-10-25 00:05:54,052 INFO  [org.hibernate.cfg.Environment] (ServerService Thread Pool -- 68) HHH000206: hibernate.properties not found
2023-10-25 00:05:54,200 INFO  [org.hibernate.annotations.common.Version] (ServerService Thread Pool -- 68) HCANN000001: Hibernate Commons Annotations {5.0.5.Final}
2023-10-25 00:05:54,329 INFO  [org.hibernate.dialect.Dialect] (ServerService Thread Pool -- 68) HHH000400: Using dialect: org.hibernate.dialect.H2Dialect
2023-10-25 00:05:54,336 WARN  [org.hibernate.dialect.H2Dialect] (ServerService Thread Pool -- 68) HHH000431: Unable to determine H2 database version, certain features may not work
2023-10-25 00:05:54,366 INFO  [org.hibernate.envers.boot.internal.EnversServiceImpl] (ServerService Thread Pool -- 68) Envers integration enabled? : true
2023-10-25 00:05:54,684 INFO  [org.hibernate.orm.beans] (ServerService Thread Pool -- 68) HHH10005002: No explicit CDI BeanManager reference was passed to Hibernate, but CDI is available on the Hibernate ClassLoader.
2023-10-25 00:05:54,721 INFO  [org.hibernate.validator.internal.util.Version] (ServerService Thread Pool -- 68) HV000001: Hibernate Validator 6.0.21.Final
2023-10-25 00:05:55,461 INFO  [org.hibernate.hql.internal.QueryTranslatorFactoryInitiator] (ServerService Thread Pool -- 68) HHH000397: Using ASTQueryTranslatorFactory
2023-10-25 00:05:56,038 INFO  [org.jboss.resteasy.resteasy_jaxrs.i18n] (ServerService Thread Pool -- 68) RESTEASY002225: Deploying javax.ws.rs.core.Application: class org.keycloak.services.resources.KeycloakApplication
2023-10-25 00:05:56,039 INFO  [org.jboss.resteasy.resteasy_jaxrs.i18n] (ServerService Thread Pool -- 68) RESTEASY002205: Adding provider class org.keycloak.services.filters.KeycloakSecurityHeadersFilter from Application class org.keycloak.services.resources.KeycloakApplication
2023-10-25 00:05:56,040 INFO  [org.jboss.resteasy.resteasy_jaxrs.i18n] (ServerService Thread Pool -- 68) RESTEASY002200: Adding class resource org.keycloak.services.resources.JsResource from Application class org.keycloak.services.resources.KeycloakApplication
2023-10-25 00:05:56,040 INFO  [org.jboss.resteasy.resteasy_jaxrs.i18n] (ServerService Thread Pool -- 68) RESTEASY002200: Adding class resource org.keycloak.services.resources.ThemeResource from Application class org.keycloak.services.resources.KeycloakApplication
2023-10-25 00:05:56,041 INFO  [org.jboss.resteasy.resteasy_jaxrs.i18n] (ServerService Thread Pool -- 68) RESTEASY002205: Adding provider class org.keycloak.services.error.KeycloakErrorHandler from Application class org.keycloak.services.resources.KeycloakApplication
2023-10-25 00:05:56,041 INFO  [org.jboss.resteasy.resteasy_jaxrs.i18n] (ServerService Thread Pool -- 68) RESTEASY002210: Adding provider singleton org.keycloak.services.util.ObjectMapperResolver from Application class org.keycloak.services.resources.KeycloakApplication
2023-10-25 00:05:56,041 INFO  [org.jboss.resteasy.resteasy_jaxrs.i18n] (ServerService Thread Pool -- 68) RESTEASY002220: Adding singleton resource org.keycloak.services.resources.RealmsResource from Application class org.keycloak.services.resources.KeycloakApplication
2023-10-25 00:05:56,041 INFO  [org.jboss.resteasy.resteasy_jaxrs.i18n] (ServerService Thread Pool -- 68) RESTEASY002220: Adding singleton resource org.keycloak.services.resources.RobotsResource from Application class org.keycloak.services.resources.KeycloakApplication
2023-10-25 00:05:56,041 INFO  [org.jboss.resteasy.resteasy_jaxrs.i18n] (ServerService Thread Pool -- 68) RESTEASY002220: Adding singleton resource org.keycloak.services.resources.WelcomeResource from Application class org.keycloak.services.resources.KeycloakApplication
2023-10-25 00:05:56,042 INFO  [org.jboss.resteasy.resteasy_jaxrs.i18n] (ServerService Thread Pool -- 68) RESTEASY002220: Adding singleton resource org.keycloak.services.resources.admin.AdminRoot from Application class org.keycloak.services.resources.KeycloakApplication
2023-10-25 00:05:56,116 INFO  [org.wildfly.extension.undertow] (ServerService Thread Pool -- 68) WFLYUT0021: Registered web context: '/auth' for server 'default-server'
2023-10-25 00:05:56,188 INFO  [org.jboss.as.server] (ServerService Thread Pool -- 55) WFLYSRV0010: Deployed "keycloak-server.war" (runtime-name : "keycloak-server.war")
2023-10-25 00:05:56,241 INFO  [org.jboss.as.server] (Controller Boot Thread) WFLYSRV0212: Resuming server
2023-10-25 00:05:56,242 INFO  [org.jboss.as] (Controller Boot Thread) WFLYSRV0025: Keycloak 12.0.0 (WildFly Core 13.0.3.Final) started in 17852ms - Started 589 of 867 services (585 services are lazy, passive or on-demand)
2023-10-25 00:05:56,247 INFO  [org.jboss.as] (Controller Boot Thread) WFLYSRV0060: Http management interface listening on http://127.0.0.1:9990/management
2023-10-25 00:05:56,247 INFO  [org.jboss.as] (Controller Boot Thread) WFLYSRV0051: Admin console listening on http://127.0.0.1:9990
2023-10-25 00:06:43,590 WARN  [org.keycloak.events] (default task-1) type=REFRESH_TOKEN_ERROR, realmId=jobBoard, clientId=serviceoffreemploi, userId=a73e97a6-35a0-4967-be3f-93f106cd5fbe, ipAddress=127.0.0.1, error=invalid_token, grant_type=refresh_token, refresh_token_type=Refresh, refresh_token_id=bda33b9f-e17a-4448-870b-65df28a68b62, client_auth_method=client-secret
2023-10-25 00:44:18,509 INFO  [org.jboss.as.server] (Thread-2) WFLYSRV0272: Suspending server
2023-10-25 00:44:18,528 INFO  [org.jboss.as.ejb3] (Thread-2) WFLYEJB0493: EJB subsystem suspension complete
2023-10-25 00:44:18,539 INFO  [org.jboss.as.server] (Thread-2) WFLYSRV0220: Server shutdown has been requested via an OS signal
2023-10-25 00:44:18,577 INFO  [org.jboss.as.connector.subsystems.datasources] (MSC service thread 1-2) WFLYJCA0010: Unbound data source [java:jboss/datasources/KeycloakDS]
2023-10-25 00:44:18,577 INFO  [org.jboss.as.mail.extension] (MSC service thread 1-1) WFLYMAIL0002: Unbound mail session [java:jboss/mail/Default]
2023-10-25 00:44:18,583 INFO  [org.wildfly.extension.undertow] (ServerService Thread Pool -- 68) WFLYUT0022: Unregistered web context: '/auth' from server 'default-server'
2023-10-25 00:44:18,583 INFO  [org.wildfly.extension.undertow] (MSC service thread 1-2) WFLYUT0008: Undertow HTTPS listener https suspending
2023-10-25 00:44:18,586 INFO  [org.wildfly.extension.undertow] (MSC service thread 1-2) WFLYUT0007: Undertow HTTPS listener https stopped, was bound to 127.0.0.1:8443
2023-10-25 00:44:18,613 INFO  [org.jboss.as.connector.subsystems.datasources] (MSC service thread 1-4) WFLYJCA0010: Unbound data source [java:jboss/datasources/ExampleDS]
2023-10-25 00:44:18,615 INFO  [org.jboss.as.connector.deployers.jdbc] (MSC service thread 1-6) WFLYJCA0019: Stopped Driver service with driver-name = h2
2023-10-25 00:44:18,618 INFO  [org.wildfly.extension.undertow] (MSC service thread 1-8) WFLYUT0019: Host default-host stopping
2023-10-25 00:44:18,638 INFO  [org.jboss.as.clustering.infinispan] (ServerService Thread Pool -- 78) WFLYCLINF0003: Stopped loginFailures cache from keycloak container
2023-10-25 00:44:18,638 INFO  [org.jboss.as.clustering.infinispan] (ServerService Thread Pool -- 74) WFLYCLINF0003: Stopped clientSessions cache from keycloak container
2023-10-25 00:44:18,638 INFO  [org.jboss.as.clustering.infinispan] (ServerService Thread Pool -- 75) WFLYCLINF0003: Stopped work cache from keycloak container
2023-10-25 00:44:18,638 INFO  [org.jboss.as.clustering.infinispan] (ServerService Thread Pool -- 79) WFLYCLINF0003: Stopped sessions cache from keycloak container
2023-10-25 00:44:18,638 INFO  [org.jboss.as.clustering.infinispan] (ServerService Thread Pool -- 73) WFLYCLINF0003: Stopped offlineClientSessions cache from keycloak container
2023-10-25 00:44:18,638 INFO  [org.jboss.as.clustering.infinispan] (ServerService Thread Pool -- 82) WFLYCLINF0003: Stopped actionTokens cache from keycloak container
2023-10-25 00:44:18,638 INFO  [org.jboss.as.clustering.infinispan] (ServerService Thread Pool -- 72) WFLYCLINF0003: Stopped offlineSessions cache from keycloak container
2023-10-25 00:44:18,638 INFO  [org.jboss.as.clustering.infinispan] (ServerService Thread Pool -- 77) WFLYCLINF0003: Stopped authenticationSessions cache from keycloak container
2023-10-25 00:44:18,638 INFO  [org.jboss.as.clustering.infinispan] (ServerService Thread Pool -- 71) WFLYCLINF0003: Stopped keys cache from keycloak container
2023-10-25 00:44:18,649 INFO  [org.jboss.as.server.deployment] (MSC service thread 1-6) WFLYSRV0028: Stopped deployment keycloak-server.war (runtime-name: keycloak-server.war) in 98ms
2023-10-25 00:44:18,652 INFO  [org.jboss.as.clustering.infinispan] (ServerService Thread Pool -- 76) WFLYCLINF0003: Stopped authorization cache from keycloak container
2023-10-25 00:44:18,652 INFO  [org.jboss.as.clustering.infinispan] (ServerService Thread Pool -- 80) WFLYCLINF0003: Stopped users cache from keycloak container
2023-10-25 00:44:18,652 INFO  [org.wildfly.extension.undertow] (MSC service thread 1-2) WFLYUT0008: Undertow HTTP listener default suspending
2023-10-25 00:44:18,654 INFO  [org.wildfly.extension.undertow] (MSC service thread 1-2) WFLYUT0007: Undertow HTTP listener default stopped, was bound to 127.0.0.1:8180
2023-10-25 00:44:18,654 INFO  [org.jboss.as.clustering.infinispan] (ServerService Thread Pool -- 81) WFLYCLINF0003: Stopped realms cache from keycloak container
2023-10-25 00:44:18,655 INFO  [org.wildfly.extension.undertow] (MSC service thread 1-1) WFLYUT0004: Undertow 2.2.2.Final stopping
2023-10-25 00:44:18,657 INFO  [org.infinispan.manager.DefaultCacheManager] (ServerService Thread Pool -- 81) Stopping cache manager null on null
2023-10-25 00:44:18,658 INFO  [org.jboss.as.clustering.infinispan] (ServerService Thread Pool -- 68) WFLYCLINF0003: Stopped http-remoting-connector cache from ejb container
2023-10-25 00:44:18,661 INFO  [org.infinispan.manager.DefaultCacheManager] (ServerService Thread Pool -- 80) Stopping cache manager null on null
2023-10-25 00:44:18,671 INFO  [org.jboss.as] (MSC service thread 1-6) WFLYSRV0050: Keycloak 12.0.0 (WildFly Core 13.0.3.Final) stopped in 120ms
2023-10-25 02:05:27,011 INFO  [org.jboss.as.server.deployment.scanner] (MSC service thread 1-6) WFLYDS0013: Started FileSystemDeploymentService for directory C:\Users\Kouki\Desktop\Esprit\5eme\Applications Web Distribuees\Project\key\keycloak-12.0.0\standalone\deployments
2023-10-25 02:05:27,023 INFO  [org.jboss.as.server.deployment] (MSC service thread 1-4) WFLYSRV0027: Starting deployment of "keycloak-server.war" (runtime-name: "keycloak-server.war")
2023-10-25 02:05:27,048 INFO  [org.wildfly.extension.undertow] (MSC service thread 1-7) WFLYUT0006: Undertow HTTPS listener https listening on 127.0.0.1:8443
2023-10-25 02:05:27,073 INFO  [org.jboss.as.ejb3] (MSC service thread 1-4) WFLYEJB0493: EJB subsystem suspension complete
2023-10-25 02:05:27,154 INFO  [org.jboss.as.connector.subsystems.datasources] (MSC service thread 1-1) WFLYJCA0001: Bound data source [java:jboss/datasources/ExampleDS]
2023-10-25 02:05:27,154 INFO  [org.jboss.as.connector.subsystems.datasources] (MSC service thread 1-8) WFLYJCA0001: Bound data source [java:jboss/datasources/KeycloakDS]
2023-10-25 02:05:27,735 INFO  [org.infinispan.CONTAINER] (ServerService Thread Pool -- 57) ISPN000128: Infinispan version: Infinispan 'Corona Extra' 11.0.4.Final
2023-10-25 02:05:27,773 INFO  [org.infinispan.CONFIG] (MSC service thread 1-5) ISPN000152: Passivation configured without an eviction policy being selected. Only manually evicted entities will be passivated.
2023-10-25 02:05:27,774 INFO  [org.infinispan.CONFIG] (MSC service thread 1-5) ISPN000152: Passivation configured without an eviction policy being selected. Only manually evicted entities will be passivated.
2023-10-25 02:05:27,838 INFO  [org.infinispan.PERSISTENCE] (ServerService Thread Pool -- 57) ISPN000556: Starting user marshaller 'org.wildfly.clustering.infinispan.marshalling.jboss.JBossMarshaller'
2023-10-25 02:05:27,838 INFO  [org.infinispan.PERSISTENCE] (ServerService Thread Pool -- 56) ISPN000556: Starting user marshaller 'org.wildfly.clustering.infinispan.spi.marshalling.InfinispanProtoStreamMarshaller'
2023-10-25 02:05:27,987 INFO  [org.jboss.as.clustering.infinispan] (ServerService Thread Pool -- 56) WFLYCLINF0002: Started http-remoting-connector cache from ejb container
2023-10-25 02:05:28,008 INFO  [org.jboss.as.clustering.infinispan] (ServerService Thread Pool -- 62) WFLYCLINF0002: Started offlineClientSessions cache from keycloak container
2023-10-25 02:05:28,008 INFO  [org.jboss.as.clustering.infinispan] (ServerService Thread Pool -- 59) WFLYCLINF0002: Started offlineSessions cache from keycloak container
2023-10-25 02:05:28,008 INFO  [org.jboss.as.clustering.infinispan] (ServerService Thread Pool -- 65) WFLYCLINF0002: Started work cache from keycloak container
2023-10-25 02:05:28,008 INFO  [org.jboss.as.clustering.infinispan] (ServerService Thread Pool -- 64) WFLYCLINF0002: Started sessions cache from keycloak container
2023-10-25 02:05:28,008 INFO  [org.jboss.as.clustering.infinispan] (ServerService Thread Pool -- 57) WFLYCLINF0002: Started loginFailures cache from keycloak container
2023-10-25 02:05:28,008 INFO  [org.jboss.as.clustering.infinispan] (ServerService Thread Pool -- 66) WFLYCLINF0002: Started clientSessions cache from keycloak container
2023-10-25 02:05:28,008 INFO  [org.jboss.as.clustering.infinispan] (ServerService Thread Pool -- 68) WFLYCLINF0002: Started actionTokens cache from keycloak container
2023-10-25 02:05:28,008 INFO  [org.jboss.as.clustering.infinispan] (ServerService Thread Pool -- 58) WFLYCLINF0002: Started authenticationSessions cache from keycloak container
2023-10-25 02:05:28,041 INFO  [org.jboss.as.clustering.infinispan] (ServerService Thread Pool -- 67) WFLYCLINF0002: Started authorization cache from keycloak container
2023-10-25 02:05:28,041 INFO  [org.jboss.as.clustering.infinispan] (ServerService Thread Pool -- 63) WFLYCLINF0002: Started users cache from keycloak container
2023-10-25 02:05:28,041 INFO  [org.jboss.as.clustering.infinispan] (ServerService Thread Pool -- 61) WFLYCLINF0002: Started realms cache from keycloak container
2023-10-25 02:05:28,041 INFO  [org.jboss.as.clustering.infinispan] (ServerService Thread Pool -- 60) WFLYCLINF0002: Started keys cache from keycloak container
2023-10-25 02:05:28,141 WARN  [org.jboss.as.server.deployment] (MSC service thread 1-7) WFLYSRV0273: Excluded subsystem webservices via jboss-deployment-structure.xml does not exist.
2023-10-25 02:05:28,581 INFO  [org.keycloak.services] (ServerService Thread Pool -- 67) KC-SERVICES0001: Loading config from standalone.xml or domain.xml
2023-10-25 02:05:29,055 INFO  [org.keycloak.url.DefaultHostnameProviderFactory] (ServerService Thread Pool -- 67) Frontend: <request>, Admin: <frontend>, Backend: <request>
2023-10-25 02:05:29,077 WARN  [org.infinispan.encoding.impl.StorageConfigurationManager] (ServerService Thread Pool -- 67) ISPN000599: Configuration for cache 'realmRevisions' does not define the encoding for keys or values. If you use operations that require data conversion or queries, you should configure the cache with a specific MediaType for keys or values.
2023-10-25 02:05:29,081 INFO  [org.jboss.as.clustering.infinispan] (ServerService Thread Pool -- 67) WFLYCLINF0002: Started realmRevisions cache from keycloak container
2023-10-25 02:05:29,081 WARN  [org.infinispan.encoding.impl.StorageConfigurationManager] (ServerService Thread Pool -- 67) ISPN000599: Configuration for cache 'userRevisions' does not define the encoding for keys or values. If you use operations that require data conversion or queries, you should configure the cache with a specific MediaType for keys or values.
2023-10-25 02:05:29,083 INFO  [org.jboss.as.clustering.infinispan] (ServerService Thread Pool -- 67) WFLYCLINF0002: Started userRevisions cache from keycloak container
2023-10-25 02:05:29,084 WARN  [org.infinispan.encoding.impl.StorageConfigurationManager] (ServerService Thread Pool -- 67) ISPN000599: Configuration for cache 'authorizationRevisions' does not define the encoding for keys or values. If you use operations that require data conversion or queries, you should configure the cache with a specific MediaType for keys or values.
2023-10-25 02:05:29,086 INFO  [org.jboss.as.clustering.infinispan] (ServerService Thread Pool -- 67) WFLYCLINF0002: Started authorizationRevisions cache from keycloak container
2023-10-25 02:05:29,087 INFO  [org.keycloak.connections.infinispan.DefaultInfinispanConnectionProviderFactory] (ServerService Thread Pool -- 67) Node name: 0000000kh, Site name: null
2023-10-25 02:05:38,811 INFO  [org.keycloak.connections.jpa.DefaultJpaConnectionProviderFactory] (ServerService Thread Pool -- 67) Database info: {databaseUrl=jdbc:h2:C:\Users\Kouki\Desktop\Esprit\5eme\Applications Web Distribuees\Project\key\keycloak-12.0.0\standalone\data/keycloak, databaseUser=SA, databaseProduct=H2 1.4.197 (2018-03-18), databaseDriver=H2 JDBC Driver 1.4.197 (2018-03-18)}
2023-10-25 02:05:39,873 INFO  [org.hibernate.jpa.internal.util.LogHelper] (ServerService Thread Pool -- 67) HHH000204: Processing PersistenceUnitInfo [
	name: keycloak-default
	...]
2023-10-25 02:05:39,933 INFO  [org.hibernate.Version] (ServerService Thread Pool -- 67) HHH000412: Hibernate Core {5.3.20.Final}
2023-10-25 02:05:39,935 INFO  [org.hibernate.cfg.Environment] (ServerService Thread Pool -- 67) HHH000206: hibernate.properties not found
2023-10-25 02:05:40,069 INFO  [org.hibernate.annotations.common.Version] (ServerService Thread Pool -- 67) HCANN000001: Hibernate Commons Annotations {5.0.5.Final}
2023-10-25 02:05:40,204 INFO  [org.hibernate.dialect.Dialect] (ServerService Thread Pool -- 67) HHH000400: Using dialect: org.hibernate.dialect.H2Dialect
2023-10-25 02:05:40,212 WARN  [org.hibernate.dialect.H2Dialect] (ServerService Thread Pool -- 67) HHH000431: Unable to determine H2 database version, certain features may not work
2023-10-25 02:05:40,247 INFO  [org.hibernate.envers.boot.internal.EnversServiceImpl] (ServerService Thread Pool -- 67) Envers integration enabled? : true
2023-10-25 02:05:40,571 INFO  [org.hibernate.orm.beans] (ServerService Thread Pool -- 67) HHH10005002: No explicit CDI BeanManager reference was passed to Hibernate, but CDI is available on the Hibernate ClassLoader.
2023-10-25 02:05:40,615 INFO  [org.hibernate.validator.internal.util.Version] (ServerService Thread Pool -- 67) HV000001: Hibernate Validator 6.0.21.Final
2023-10-25 02:05:41,349 INFO  [org.hibernate.hql.internal.QueryTranslatorFactoryInitiator] (ServerService Thread Pool -- 67) HHH000397: Using ASTQueryTranslatorFactory
2023-10-25 02:05:41,916 INFO  [org.jboss.resteasy.resteasy_jaxrs.i18n] (ServerService Thread Pool -- 67) RESTEASY002225: Deploying javax.ws.rs.core.Application: class org.keycloak.services.resources.KeycloakApplication
2023-10-25 02:05:41,918 INFO  [org.jboss.resteasy.resteasy_jaxrs.i18n] (ServerService Thread Pool -- 67) RESTEASY002205: Adding provider class org.keycloak.services.filters.KeycloakSecurityHeadersFilter from Application class org.keycloak.services.resources.KeycloakApplication
2023-10-25 02:05:41,919 INFO  [org.jboss.resteasy.resteasy_jaxrs.i18n] (ServerService Thread Pool -- 67) RESTEASY002200: Adding class resource org.keycloak.services.resources.JsResource from Application class org.keycloak.services.resources.KeycloakApplication
2023-10-25 02:05:41,920 INFO  [org.jboss.resteasy.resteasy_jaxrs.i18n] (ServerService Thread Pool -- 67) RESTEASY002200: Adding class resource org.keycloak.services.resources.ThemeResource from Application class org.keycloak.services.resources.KeycloakApplication
2023-10-25 02:05:41,920 INFO  [org.jboss.resteasy.resteasy_jaxrs.i18n] (ServerService Thread Pool -- 67) RESTEASY002205: Adding provider class org.keycloak.services.error.KeycloakErrorHandler from Application class org.keycloak.services.resources.KeycloakApplication
2023-10-25 02:05:41,921 INFO  [org.jboss.resteasy.resteasy_jaxrs.i18n] (ServerService Thread Pool -- 67) RESTEASY002210: Adding provider singleton org.keycloak.services.util.ObjectMapperResolver from Application class org.keycloak.services.resources.KeycloakApplication
2023-10-25 02:05:41,921 INFO  [org.jboss.resteasy.resteasy_jaxrs.i18n] (ServerService Thread Pool -- 67) RESTEASY002220: Adding singleton resource org.keycloak.services.resources.RealmsResource from Application class org.keycloak.services.resources.KeycloakApplication
2023-10-25 02:05:41,922 INFO  [org.jboss.resteasy.resteasy_jaxrs.i18n] (ServerService Thread Pool -- 67) RESTEASY002220: Adding singleton resource org.keycloak.services.resources.admin.AdminRoot from Application class org.keycloak.services.resources.KeycloakApplication
2023-10-25 02:05:41,922 INFO  [org.jboss.resteasy.resteasy_jaxrs.i18n] (ServerService Thread Pool -- 67) RESTEASY002220: Adding singleton resource org.keycloak.services.resources.WelcomeResource from Application class org.keycloak.services.resources.KeycloakApplication
2023-10-25 02:05:41,922 INFO  [org.jboss.resteasy.resteasy_jaxrs.i18n] (ServerService Thread Pool -- 67) RESTEASY002220: Adding singleton resource org.keycloak.services.resources.RobotsResource from Application class org.keycloak.services.resources.KeycloakApplication
2023-10-25 02:05:41,987 INFO  [org.wildfly.extension.undertow] (ServerService Thread Pool -- 67) WFLYUT0021: Registered web context: '/auth' for server 'default-server'
2023-10-25 02:05:42,038 INFO  [org.jboss.as.server] (ServerService Thread Pool -- 55) WFLYSRV0010: Deployed "keycloak-server.war" (runtime-name : "keycloak-server.war")
2023-10-25 02:05:42,068 INFO  [org.jboss.as.server] (Controller Boot Thread) WFLYSRV0212: Resuming server
2023-10-25 02:05:42,070 INFO  [org.jboss.as] (Controller Boot Thread) WFLYSRV0025: Keycloak 12.0.0 (WildFly Core 13.0.3.Final) started in 18625ms - Started 589 of 867 services (585 services are lazy, passive or on-demand)
2023-10-25 02:05:42,074 INFO  [org.jboss.as] (Controller Boot Thread) WFLYSRV0060: Http management interface listening on http://127.0.0.1:9990/management
2023-10-25 02:05:42,074 INFO  [org.jboss.as] (Controller Boot Thread) WFLYSRV0051: Admin console listening on http://127.0.0.1:9990
2023-10-25 02:05:46,066 INFO  [org.jboss.as.server] (Thread-2) WFLYSRV0272: Suspending server
2023-10-25 02:05:46,074 INFO  [org.jboss.as.ejb3] (Thread-2) WFLYEJB0493: EJB subsystem suspension complete
2023-10-25 02:05:46,100 INFO  [org.jboss.as.server] (Thread-2) WFLYSRV0220: Server shutdown has been requested via an OS signal
2023-10-25 02:05:46,132 INFO  [org.jboss.as.connector.subsystems.datasources] (MSC service thread 1-6) WFLYJCA0010: Unbound data source [java:jboss/datasources/KeycloakDS]
2023-10-25 02:05:46,134 INFO  [org.jboss.as.mail.extension] (MSC service thread 1-7) WFLYMAIL0002: Unbound mail session [java:jboss/mail/Default]
2023-10-25 02:05:46,139 INFO  [org.wildfly.extension.undertow] (MSC service thread 1-5) WFLYUT0008: Undertow HTTPS listener https suspending
2023-10-25 02:05:46,140 INFO  [org.wildfly.extension.undertow] (ServerService Thread Pool -- 67) WFLYUT0022: Unregistered web context: '/auth' from server 'default-server'
2023-10-25 02:05:46,144 INFO  [org.wildfly.extension.undertow] (MSC service thread 1-5) WFLYUT0007: Undertow HTTPS listener https stopped, was bound to 127.0.0.1:8443
2023-10-25 02:05:46,180 INFO  [org.jboss.as.connector.subsystems.datasources] (MSC service thread 1-4) WFLYJCA0010: Unbound data source [java:jboss/datasources/ExampleDS]
2023-10-25 02:05:46,185 INFO  [org.jboss.as.connector.deployers.jdbc] (MSC service thread 1-5) WFLYJCA0019: Stopped Driver service with driver-name = h2
2023-10-25 02:05:46,188 INFO  [org.wildfly.extension.undertow] (MSC service thread 1-1) WFLYUT0019: Host default-host stopping
2023-10-25 02:05:46,203 INFO  [org.jboss.as.clustering.infinispan] (ServerService Thread Pool -- 6) WFLYCLINF0003: Stopped sessions cache from keycloak container
2023-10-25 02:05:46,203 INFO  [org.jboss.as.clustering.infinispan] (ServerService Thread Pool -- 5) WFLYCLINF0003: Stopped actionTokens cache from keycloak container
2023-10-25 02:05:46,204 INFO  [org.jboss.as.clustering.infinispan] (ServerService Thread Pool -- 23) WFLYCLINF0003: Stopped users cache from keycloak container
2023-10-25 02:05:46,204 INFO  [org.jboss.as.clustering.infinispan] (ServerService Thread Pool -- 27) WFLYCLINF0003: Stopped loginFailures cache from keycloak container
2023-10-25 02:05:46,203 INFO  [org.jboss.as.clustering.infinispan] (ServerService Thread Pool -- 13) WFLYCLINF0003: Stopped authenticationSessions cache from keycloak container
2023-10-25 02:05:46,203 INFO  [org.jboss.as.clustering.infinispan] (ServerService Thread Pool -- 4) WFLYCLINF0003: Stopped work cache from keycloak container
2023-10-25 02:05:46,204 INFO  [org.jboss.as.clustering.infinispan] (ServerService Thread Pool -- 10) WFLYCLINF0003: Stopped authorization cache from keycloak container
2023-10-25 02:05:46,205 INFO  [org.jboss.as.clustering.infinispan] (ServerService Thread Pool -- 18) WFLYCLINF0003: Stopped keys cache from keycloak container
2023-10-25 02:05:46,206 INFO  [org.jboss.as.clustering.infinispan] (ServerService Thread Pool -- 3) WFLYCLINF0003: Stopped offlineSessions cache from keycloak container
2023-10-25 02:05:46,206 INFO  [org.jboss.as.clustering.infinispan] (ServerService Thread Pool -- 67) WFLYCLINF0003: Stopped clientSessions cache from keycloak container
2023-10-25 02:05:46,206 INFO  [org.jboss.as.clustering.infinispan] (ServerService Thread Pool -- 7) WFLYCLINF0003: Stopped offlineClientSessions cache from keycloak container
2023-10-25 02:05:46,211 INFO  [org.wildfly.extension.undertow] (MSC service thread 1-8) WFLYUT0008: Undertow HTTP listener default suspending
2023-10-25 02:05:46,214 INFO  [org.jboss.as.clustering.infinispan] (ServerService Thread Pool -- 28) WFLYCLINF0003: Stopped http-remoting-connector cache from ejb container
2023-10-25 02:05:46,217 INFO  [org.jboss.as.server.deployment] (MSC service thread 1-5) WFLYSRV0028: Stopped deployment keycloak-server.war (runtime-name: keycloak-server.war) in 108ms
2023-10-25 02:05:46,220 INFO  [org.infinispan.manager.DefaultCacheManager] (ServerService Thread Pool -- 28) Stopping cache manager null on null
2023-10-25 02:05:46,234 INFO  [org.jboss.as.clustering.infinispan] (ServerService Thread Pool -- 20) WFLYCLINF0003: Stopped realms cache from keycloak container
2023-10-25 02:05:46,239 INFO  [org.infinispan.manager.DefaultCacheManager] (ServerService Thread Pool -- 20) Stopping cache manager null on null
2023-10-25 02:05:46,251 INFO  [org.wildfly.extension.undertow] (MSC service thread 1-8) WFLYUT0007: Undertow HTTP listener default stopped, was bound to 127.0.0.1:8180
2023-10-25 02:05:46,255 INFO  [org.wildfly.extension.undertow] (MSC service thread 1-7) WFLYUT0004: Undertow 2.2.2.Final stopping
2023-10-25 02:05:46,327 INFO  [org.jboss.as] (MSC service thread 1-7) WFLYSRV0050: Keycloak 12.0.0 (WildFly Core 13.0.3.Final) stopped in 218ms
